


ARM Macro Assembler    Page 1 


    1 00000000         ;/******************************************************
                       ************************
    2 00000000         ; * @file     startup_mg32f003_keil.s
    3 00000000         ; * @brief    CMSIS Core Device Startup File for
    4 00000000         ; *           MG32F003 Device Series
    5 00000000         ; * @version  V1.0.1
    6 00000000         ; * @date     11-March-2025
    7 00000000         ; *
    8 00000000         ; * @note
    9 00000000         ; *
   10 00000000         ; ******************************************************
                       ************************/
   11 00000000         ;/* Copyright (c) 2011 - 2012 ARM LIMITED
   12 00000000         ;
   13 00000000         ;   All rights reserved.
   14 00000000         ;   Redistribution and use in source and binary forms, w
                       ith or without
   15 00000000         ;   modification, are permitted provided that the follow
                       ing conditions are met:
   16 00000000         ;   - Redistributions of source code must retain the abo
                       ve copyright
   17 00000000         ;     notice, this list of conditions and the following 
                       disclaimer.
   18 00000000         ;   - Redistributions in binary form must reproduce the 
                       above copyright
   19 00000000         ;     notice, this list of conditions and the following 
                       disclaimer in the
   20 00000000         ;     documentation and/or other materials provided with
                        the distribution.
   21 00000000         ;   - Neither the name of ARM nor the names of its contr
                       ibutors may be used
   22 00000000         ;     to endorse or promote products derived from this s
                       oftware without
   23 00000000         ;     specific prior written permission.
   24 00000000         ;   *
   25 00000000         ;   THIS SOFTWARE IS PROVIDED BY THE COPYRIGHT HOLDERS A
                       ND CONTRIBUTORS "AS IS"
   26 00000000         ;   AND ANY EXPRESS OR IMPLIED WARRANTIES, INCLUDING, BU
                       T NOT LIMITED TO, THE
   27 00000000         ;   IMPLIED WARRANTIES OF MERCHANTABILITY AND FITNESS FO
                       R A PARTICULAR PURPOSE
   28 00000000         ;   ARE DISCLAIMED. IN NO EVENT SHALL COPYRIGHT HOLDERS 
                       AND CONTRIBUTORS BE
   29 00000000         ;   LIABLE FOR ANY DIRECT, INDIRECT, INCIDENTAL, SPECIAL
                       , EXEMPLARY, OR
   30 00000000         ;   CONSEQUENTIAL DAMAGES (INCLUDING, BUT NOT LIMITED TO
                       , PROCUREMENT OF
   31 00000000         ;   SUBSTITUTE GOODS OR SERVICES; LOSS OF USE, DATA, OR 
                       PROFITS; OR BUSINESS
   32 00000000         ;   INTERRUPTION) HOWEVER CAUSED AND ON ANY THEORY OF LI
                       ABILITY, WHETHER IN
   33 00000000         ;   CONTRACT, STRICT LIABILITY, OR TORT (INCLUDING NEGLI
                       GENCE OR OTHERWISE)
   34 00000000         ;   ARISING IN ANY WAY OUT OF THE USE OF THIS SOFTWARE, 
                       EVEN IF ADVISED OF THE
   35 00000000         ;   POSSIBILITY OF SUCH DAMAGE.
   36 00000000         ;   ----------------------------------------------------
                       -----------------------*/
   37 00000000         



ARM Macro Assembler    Page 2 


   38 00000000 00000200 
                       Stack_Size
                               EQU              0x00000200
   39 00000000         
   40 00000000                 AREA             STACK, NOINIT, READWRITE, ALIGN
=3
   41 00000000         Stack_Mem
                               SPACE            Stack_Size
   42 00000200         __initial_sp
   43 00000200         
   44 00000200         
   45 00000200 00000000 
                       Heap_Size
                               EQU              0x00000000
   46 00000200         
   47 00000200                 AREA             HEAP, NOINIT, READWRITE, ALIGN=
3
   48 00000000         __heap_base
   49 00000000         Heap_Mem
                               SPACE            Heap_Size
   50 00000000         __heap_limit
   51 00000000         
   52 00000000                 PRESERVE8
   53 00000000                 THUMB
   54 00000000         
   55 00000000         
   56 00000000         ; Vector Table Mapped to Address 0 at Reset
   57 00000000                 AREA             RESET, DATA, READONLY
   58 00000000                 EXPORT           __Vectors
   59 00000000                 EXPORT           __Vectors_End
   60 00000000                 EXPORT           __Vectors_Size
   61 00000000         
   62 00000000 00000000 
                       __Vectors
                               DCD              __initial_sp ;       Top of Sta
                                                            ck
   63 00000004 00000000        DCD              Reset_Handler ;       Reset Han
                                                            dler
   64 00000008 00000000        DCD              NMI_Handler ; -14   NMI Handler
                                                            
   65 0000000C 00000000        DCD              HardFault_Handler ; -13   Hard 
                                                            Fault Handler
   66 00000010 00000000        DCD              0           ; -12   Reserved
   67 00000014 00000000        DCD              0           ; -11   Reserved
   68 00000018 00000000        DCD              0           ; -10   Reserved
   69 0000001C 00000000        DCD              0           ;  -9   Reserved
   70 00000020 00000000        DCD              0           ;  -8   Reserved
   71 00000024 00000000        DCD              0           ;  -7   Reserved
   72 00000028 00000000        DCD              0           ;  -6   Reserved
   73 0000002C 00000000        DCD              SVC_Handler ;  -5   SVCall Hand
                                                            ler
   74 00000030 00000000        DCD              0           ;  -4   Reserved
   75 00000034 00000000        DCD              0           ;  -3   Reserved
   76 00000038 00000000        DCD              PendSV_Handler ;  -2   PendSV H
                                                            andler
   77 0000003C 00000000        DCD              SysTick_Handler ;  -1   SysTick
                                                             Handler
   78 00000040         
   79 00000040         ; External



ARM Macro Assembler    Page 3 


   80 00000040 00000000        DCD              IWDG_IRQHandler ;   0   Indepen
                                                            dent WatchDog
   81 00000044 00000000        DCD              PVD_IRQHandler ;   1   PVD thro
                                                            ugh EXTI Line detec
                                                            t
   82 00000048 00000000        DCD              0           ;   2   Reserved
   83 0000004C 00000000        DCD              FLASH_IRQHandler ;   3   FLASH
   84 00000050 00000000        DCD              RCC_IRQHandler ;   4   RCC
   85 00000054 00000000        DCD              EXTI0_1_IRQHandler ;   5   EXTI
                                                             Line 0 and 1
   86 00000058 00000000        DCD              EXTI2_3_IRQHandler ;   6   EXTI
                                                             Line 2 and 3
   87 0000005C 00000000        DCD              EXTI4_15_IRQHandler ;   7   EXT
                                                            I Line 4 to 15
   88 00000060 00000000        DCD              0           ;   8   Reserved
   89 00000064 00000000        DCD              0           ;   9   Reserved
   90 00000068 00000000        DCD              0           ;  10   Reserved
   91 0000006C 00000000        DCD              0           ;  11   Reserved
   92 00000070 00000000        DCD              ADC_IRQHandler ;  12   ADC
   93 00000074 00000000        DCD              TIM1_BRK_UP_TRG_COM_IRQHandler 
                                                            ;  13   TIM1 Break,
                                                             Update, Trigger an
                                                            d Commutation
   94 00000078 00000000        DCD              TIM1_CC_IRQHandler ;  14   TIM1
                                                             Capture Compare
   95 0000007C 00000000        DCD              0           ;  15   Reserved
   96 00000080 00000000        DCD              TIM3_IRQHandler ;  16   TIM3
   97 00000084 00000000        DCD              0           ;  17   Reserved
   98 00000088 00000000        DCD              0           ;  18   Reserved
   99 0000008C 00000000        DCD              TIM14_IRQHandler ;  19   TIM14
  100 00000090 00000000        DCD              0           ;  20   Reserved
  101 00000094 00000000        DCD              0           ;  21   Reserved
  102 00000098 00000000        DCD              0           ;  22   Reserved
  103 0000009C 00000000        DCD              I2C1_IRQHandler ;  23   I2C1
  104 000000A0 00000000        DCD              0           ;  24   Reserved
  105 000000A4 00000000        DCD              SPI1_IRQHandler ;  25   SPI1
  106 000000A8 00000000        DCD              0           ;  26   Reserved
  107 000000AC 00000000        DCD              USART1_IRQHandler 
                                                            ;  27   USART1
  108 000000B0 00000000        DCD              USART2_IRQHandler 
                                                            ;  28   USART2
  109 000000B4 00000000        DCD              0           ;  29   Reserved
  110 000000B8 00000000        DCD              0           ;  30   Reserved
  111 000000BC 00000000        DCD              0           ;  31   Reserved
  112 000000C0         
  113 000000C0         __Vectors_End
  114 000000C0 000000C0 
                       __Vectors_Size
                               EQU              __Vectors_End - __Vectors
  115 000000C0         
  116 000000C0                 AREA             |.text|, CODE, READONLY
  117 00000000         
  118 00000000         ; Reset handler
  119 00000000         Reset_Handler
                               PROC
  120 00000000                 EXPORT           Reset_Handler                  
[WEAK]
  121 00000000                 IMPORT           __main
  122 00000000                 IMPORT           SystemInit



ARM Macro Assembler    Page 4 


  123 00000000 4804            LDR              R0, =SystemInit
  124 00000002 4780            BLX              R0
  125 00000004 4804            LDR              R0, =__main
  126 00000006 4700            BX               R0
  127 00000008                 ENDP
  128 00000008         
  129 00000008         ; Dummy Exception Handlers (infinite loops which can be 
                       modified)
  130 00000008         
  131 00000008         NMI_Handler
                               PROC
  132 00000008                 EXPORT           NMI_Handler                    
[WEAK]
  133 00000008 E7FE            B                .
  134 0000000A                 ENDP
  136 0000000A         HardFault_Handler
                               PROC
  137 0000000A                 EXPORT           HardFault_Handler              
[WEAK]
  138 0000000A E7FE            B                .
  139 0000000C                 ENDP
  140 0000000C         SVC_Handler
                               PROC
  141 0000000C                 EXPORT           SVC_Handler                    
[WEAK]
  142 0000000C E7FE            B                .
  143 0000000E                 ENDP
  144 0000000E         PendSV_Handler
                               PROC
  145 0000000E                 EXPORT           PendSV_Handler                 
[WEAK]
  146 0000000E E7FE            B                .
  147 00000010                 ENDP
  148 00000010         SysTick_Handler
                               PROC
  149 00000010                 EXPORT           SysTick_Handler                
[WEAK]
  150 00000010 E7FE            B                .
  151 00000012                 ENDP
  152 00000012         
  153 00000012         Default_Handler
                               PROC
  154 00000012         
  155 00000012                 EXPORT           IWDG_IRQHandler                
[WEAK]
  156 00000012                 EXPORT           PVD_IRQHandler                 
[WEAK]
  157 00000012         
  158 00000012                 EXPORT           FLASH_IRQHandler               
[WEAK]
  159 00000012                 EXPORT           RCC_IRQHandler                 
[WEAK]
  160 00000012                 EXPORT           EXTI0_1_IRQHandler             
[WEAK]
  161 00000012                 EXPORT           EXTI2_3_IRQHandler             
[WEAK]
  162 00000012                 EXPORT           EXTI4_15_IRQHandler            
[WEAK]
  163 00000012                 EXPORT           ADC_IRQHandler                 



ARM Macro Assembler    Page 5 


[WEAK]
  164 00000012                 EXPORT           TIM1_BRK_UP_TRG_COM_IRQHandler 
[WEAK]
  165 00000012                 EXPORT           TIM1_CC_IRQHandler             
[WEAK]
  166 00000012                 EXPORT           TIM3_IRQHandler                
[WEAK]
  167 00000012                 EXPORT           TIM14_IRQHandler               
[WEAK]
  168 00000012                 EXPORT           I2C1_IRQHandler                
[WEAK]
  169 00000012                 EXPORT           SPI1_IRQHandler                
[WEAK]
  170 00000012                 EXPORT           USART1_IRQHandler              
[WEAK]
  171 00000012                 EXPORT           USART2_IRQHandler              
[WEAK]
  172 00000012         
  173 00000012         IWDG_IRQHandler
  174 00000012         PVD_IRQHandler
  175 00000012         FLASH_IRQHandler
  176 00000012         RCC_IRQHandler
  177 00000012         EXTI0_1_IRQHandler
  178 00000012         EXTI2_3_IRQHandler
  179 00000012         EXTI4_15_IRQHandler
  180 00000012         ADC_IRQHandler
  181 00000012         TIM1_BRK_UP_TRG_COM_IRQHandler
  182 00000012         TIM1_CC_IRQHandler
  183 00000012         TIM3_IRQHandler
  184 00000012         TIM14_IRQHandler
  185 00000012         I2C1_IRQHandler
  186 00000012         SPI1_IRQHandler
  187 00000012         USART1_IRQHandler
  188 00000012         USART2_IRQHandler
  189 00000012         
  190 00000012 E7FE            B                .
  191 00000014         
  192 00000014                 ENDP
  193 00000014         
  194 00000014                 ALIGN
  195 00000014         
  196 00000014         ;*******************************************************
                       ************************
  197 00000014         ; User Stack and Heap initialization
  198 00000014         ;*******************************************************
                       ************************
  199 00000014                 IF               :DEF:__MICROLIB
  200 00000014         
  201 00000014                 EXPORT           __initial_sp
  202 00000014                 EXPORT           __heap_base
  203 00000014                 EXPORT           __heap_limit
  204 00000014         
  205 00000014                 ELSE
  220                          ENDIF
  221 00000014                 END
              00000000 
              00000000 
Command Line: --debug --xref --diag_suppress=9931 --cpu=Cortex-M0 --apcs=interw
ork --depend=.\objects\startup_mg32f003_keil.d -o.\objects\startup_mg32f003_kei



ARM Macro Assembler    Page 6 


l.o --predefine="__MICROLIB SETA 1" --predefine="__UVISION_VERSION SETA 540" --
list=.\listings\startup_mg32f003_keil.lst ..\..\..\..\..\Device\MG32F003\Source
\KEIL_StartAsm\startup_mg32f003_keil.s



ARM Macro Assembler    Page 1 Alphabetic symbol ordering
Relocatable symbols

STACK 00000000

Symbol: STACK
   Definitions
      At line 40 in file ..\..\..\..\..\Device\MG32F003\Source\KEIL_StartAsm\st
artup_mg32f003_keil.s
   Uses
      None
Comment: STACK unused
Stack_Mem 00000000

Symbol: Stack_Mem
   Definitions
      At line 41 in file ..\..\..\..\..\Device\MG32F003\Source\KEIL_StartAsm\st
artup_mg32f003_keil.s
   Uses
      None
Comment: Stack_Mem unused
__initial_sp 00000200

Symbol: __initial_sp
   Definitions
      At line 42 in file ..\..\..\..\..\Device\MG32F003\Source\KEIL_StartAsm\st
artup_mg32f003_keil.s
   Uses
      At line 62 in file ..\..\..\..\..\Device\MG32F003\Source\KEIL_StartAsm\st
artup_mg32f003_keil.s
      At line 201 in file ..\..\..\..\..\Device\MG32F003\Source\KEIL_StartAsm\s
tartup_mg32f003_keil.s

3 symbols



ARM Macro Assembler    Page 1 Alphabetic symbol ordering
Relocatable symbols

HEAP 00000000

Symbol: HEAP
   Definitions
      At line 47 in file ..\..\..\..\..\Device\MG32F003\Source\KEIL_StartAsm\st
artup_mg32f003_keil.s
   Uses
      None
Comment: HEAP unused
Heap_Mem 00000000

Symbol: Heap_Mem
   Definitions
      At line 49 in file ..\..\..\..\..\Device\MG32F003\Source\KEIL_StartAsm\st
artup_mg32f003_keil.s
   Uses
      None
Comment: Heap_Mem unused
__heap_base 00000000

Symbol: __heap_base
   Definitions
      At line 48 in file ..\..\..\..\..\Device\MG32F003\Source\KEIL_StartAsm\st
artup_mg32f003_keil.s
   Uses
      At line 202 in file ..\..\..\..\..\Device\MG32F003\Source\KEIL_StartAsm\s
tartup_mg32f003_keil.s
Comment: __heap_base used once
__heap_limit 00000000

Symbol: __heap_limit
   Definitions
      At line 50 in file ..\..\..\..\..\Device\MG32F003\Source\KEIL_StartAsm\st
artup_mg32f003_keil.s
   Uses
      At line 203 in file ..\..\..\..\..\Device\MG32F003\Source\KEIL_StartAsm\s
tartup_mg32f003_keil.s
Comment: __heap_limit used once
4 symbols



ARM Macro Assembler    Page 1 Alphabetic symbol ordering
Relocatable symbols

RESET 00000000

Symbol: RESET
   Definitions
      At line 57 in file ..\..\..\..\..\Device\MG32F003\Source\KEIL_StartAsm\st
artup_mg32f003_keil.s
   Uses
      None
Comment: RESET unused
__Vectors 00000000

Symbol: __Vectors
   Definitions
      At line 62 in file ..\..\..\..\..\Device\MG32F003\Source\KEIL_StartAsm\st
artup_mg32f003_keil.s
   Uses
      At line 58 in file ..\..\..\..\..\Device\MG32F003\Source\KEIL_StartAsm\st
artup_mg32f003_keil.s
      At line 114 in file ..\..\..\..\..\Device\MG32F003\Source\KEIL_StartAsm\s
tartup_mg32f003_keil.s

__Vectors_End 000000C0

Symbol: __Vectors_End
   Definitions
      At line 113 in file ..\..\..\..\..\Device\MG32F003\Source\KEIL_StartAsm\s
tartup_mg32f003_keil.s
   Uses
      At line 59 in file ..\..\..\..\..\Device\MG32F003\Source\KEIL_StartAsm\st
artup_mg32f003_keil.s
      At line 114 in file ..\..\..\..\..\Device\MG32F003\Source\KEIL_StartAsm\s
tartup_mg32f003_keil.s

3 symbols



ARM Macro Assembler    Page 1 Alphabetic symbol ordering
Relocatable symbols

.text 00000000

Symbol: .text
   Definitions
      At line 116 in file ..\..\..\..\..\Device\MG32F003\Source\KEIL_StartAsm\s
tartup_mg32f003_keil.s
   Uses
      None
Comment: .text unused
ADC_IRQHandler 00000012

Symbol: ADC_IRQHandler
   Definitions
      At line 180 in file ..\..\..\..\..\Device\MG32F003\Source\KEIL_StartAsm\s
tartup_mg32f003_keil.s
   Uses
      At line 92 in file ..\..\..\..\..\Device\MG32F003\Source\KEIL_StartAsm\st
artup_mg32f003_keil.s
      At line 163 in file ..\..\..\..\..\Device\MG32F003\Source\KEIL_StartAsm\s
tartup_mg32f003_keil.s

Default_Handler 00000012

Symbol: Default_Handler
   Definitions
      At line 153 in file ..\..\..\..\..\Device\MG32F003\Source\KEIL_StartAsm\s
tartup_mg32f003_keil.s
   Uses
      None
Comment: Default_Handler unused
EXTI0_1_IRQHandler 00000012

Symbol: EXTI0_1_IRQHandler
   Definitions
      At line 177 in file ..\..\..\..\..\Device\MG32F003\Source\KEIL_StartAsm\s
tartup_mg32f003_keil.s
   Uses
      At line 85 in file ..\..\..\..\..\Device\MG32F003\Source\KEIL_StartAsm\st
artup_mg32f003_keil.s
      At line 160 in file ..\..\..\..\..\Device\MG32F003\Source\KEIL_StartAsm\s
tartup_mg32f003_keil.s

EXTI2_3_IRQHandler 00000012

Symbol: EXTI2_3_IRQHandler
   Definitions
      At line 178 in file ..\..\..\..\..\Device\MG32F003\Source\KEIL_StartAsm\s
tartup_mg32f003_keil.s
   Uses
      At line 86 in file ..\..\..\..\..\Device\MG32F003\Source\KEIL_StartAsm\st
artup_mg32f003_keil.s
      At line 161 in file ..\..\..\..\..\Device\MG32F003\Source\KEIL_StartAsm\s
tartup_mg32f003_keil.s

EXTI4_15_IRQHandler 00000012

Symbol: EXTI4_15_IRQHandler
   Definitions
      At line 179 in file ..\..\..\..\..\Device\MG32F003\Source\KEIL_StartAsm\s



ARM Macro Assembler    Page 2 Alphabetic symbol ordering
Relocatable symbols

tartup_mg32f003_keil.s
   Uses
      At line 87 in file ..\..\..\..\..\Device\MG32F003\Source\KEIL_StartAsm\st
artup_mg32f003_keil.s
      At line 162 in file ..\..\..\..\..\Device\MG32F003\Source\KEIL_StartAsm\s
tartup_mg32f003_keil.s

FLASH_IRQHandler 00000012

Symbol: FLASH_IRQHandler
   Definitions
      At line 175 in file ..\..\..\..\..\Device\MG32F003\Source\KEIL_StartAsm\s
tartup_mg32f003_keil.s
   Uses
      At line 83 in file ..\..\..\..\..\Device\MG32F003\Source\KEIL_StartAsm\st
artup_mg32f003_keil.s
      At line 158 in file ..\..\..\..\..\Device\MG32F003\Source\KEIL_StartAsm\s
tartup_mg32f003_keil.s

HardFault_Handler 0000000A

Symbol: HardFault_Handler
   Definitions
      At line 136 in file ..\..\..\..\..\Device\MG32F003\Source\KEIL_StartAsm\s
tartup_mg32f003_keil.s
   Uses
      At line 65 in file ..\..\..\..\..\Device\MG32F003\Source\KEIL_StartAsm\st
artup_mg32f003_keil.s
      At line 137 in file ..\..\..\..\..\Device\MG32F003\Source\KEIL_StartAsm\s
tartup_mg32f003_keil.s

I2C1_IRQHandler 00000012

Symbol: I2C1_IRQHandler
   Definitions
      At line 185 in file ..\..\..\..\..\Device\MG32F003\Source\KEIL_StartAsm\s
tartup_mg32f003_keil.s
   Uses
      At line 103 in file ..\..\..\..\..\Device\MG32F003\Source\KEIL_StartAsm\s
tartup_mg32f003_keil.s
      At line 168 in file ..\..\..\..\..\Device\MG32F003\Source\KEIL_StartAsm\s
tartup_mg32f003_keil.s

IWDG_IRQHandler 00000012

Symbol: IWDG_IRQHandler
   Definitions
      At line 173 in file ..\..\..\..\..\Device\MG32F003\Source\KEIL_StartAsm\s
tartup_mg32f003_keil.s
   Uses
      At line 80 in file ..\..\..\..\..\Device\MG32F003\Source\KEIL_StartAsm\st
artup_mg32f003_keil.s
      At line 155 in file ..\..\..\..\..\Device\MG32F003\Source\KEIL_StartAsm\s
tartup_mg32f003_keil.s

NMI_Handler 00000008

Symbol: NMI_Handler
   Definitions



ARM Macro Assembler    Page 3 Alphabetic symbol ordering
Relocatable symbols

      At line 131 in file ..\..\..\..\..\Device\MG32F003\Source\KEIL_StartAsm\s
tartup_mg32f003_keil.s
   Uses
      At line 64 in file ..\..\..\..\..\Device\MG32F003\Source\KEIL_StartAsm\st
artup_mg32f003_keil.s
      At line 132 in file ..\..\..\..\..\Device\MG32F003\Source\KEIL_StartAsm\s
tartup_mg32f003_keil.s

PVD_IRQHandler 00000012

Symbol: PVD_IRQHandler
   Definitions
      At line 174 in file ..\..\..\..\..\Device\MG32F003\Source\KEIL_StartAsm\s
tartup_mg32f003_keil.s
   Uses
      At line 81 in file ..\..\..\..\..\Device\MG32F003\Source\KEIL_StartAsm\st
artup_mg32f003_keil.s
      At line 156 in file ..\..\..\..\..\Device\MG32F003\Source\KEIL_StartAsm\s
tartup_mg32f003_keil.s

PendSV_Handler 0000000E

Symbol: PendSV_Handler
   Definitions
      At line 144 in file ..\..\..\..\..\Device\MG32F003\Source\KEIL_StartAsm\s
tartup_mg32f003_keil.s
   Uses
      At line 76 in file ..\..\..\..\..\Device\MG32F003\Source\KEIL_StartAsm\st
artup_mg32f003_keil.s
      At line 145 in file ..\..\..\..\..\Device\MG32F003\Source\KEIL_StartAsm\s
tartup_mg32f003_keil.s

RCC_IRQHandler 00000012

Symbol: RCC_IRQHandler
   Definitions
      At line 176 in file ..\..\..\..\..\Device\MG32F003\Source\KEIL_StartAsm\s
tartup_mg32f003_keil.s
   Uses
      At line 84 in file ..\..\..\..\..\Device\MG32F003\Source\KEIL_StartAsm\st
artup_mg32f003_keil.s
      At line 159 in file ..\..\..\..\..\Device\MG32F003\Source\KEIL_StartAsm\s
tartup_mg32f003_keil.s

Reset_Handler 00000000

Symbol: Reset_Handler
   Definitions
      At line 119 in file ..\..\..\..\..\Device\MG32F003\Source\KEIL_StartAsm\s
tartup_mg32f003_keil.s
   Uses
      At line 63 in file ..\..\..\..\..\Device\MG32F003\Source\KEIL_StartAsm\st
artup_mg32f003_keil.s
      At line 120 in file ..\..\..\..\..\Device\MG32F003\Source\KEIL_StartAsm\s
tartup_mg32f003_keil.s

SPI1_IRQHandler 00000012

Symbol: SPI1_IRQHandler



ARM Macro Assembler    Page 4 Alphabetic symbol ordering
Relocatable symbols

   Definitions
      At line 186 in file ..\..\..\..\..\Device\MG32F003\Source\KEIL_StartAsm\s
tartup_mg32f003_keil.s
   Uses
      At line 105 in file ..\..\..\..\..\Device\MG32F003\Source\KEIL_StartAsm\s
tartup_mg32f003_keil.s
      At line 169 in file ..\..\..\..\..\Device\MG32F003\Source\KEIL_StartAsm\s
tartup_mg32f003_keil.s

SVC_Handler 0000000C

Symbol: SVC_Handler
   Definitions
      At line 140 in file ..\..\..\..\..\Device\MG32F003\Source\KEIL_StartAsm\s
tartup_mg32f003_keil.s
   Uses
      At line 73 in file ..\..\..\..\..\Device\MG32F003\Source\KEIL_StartAsm\st
artup_mg32f003_keil.s
      At line 141 in file ..\..\..\..\..\Device\MG32F003\Source\KEIL_StartAsm\s
tartup_mg32f003_keil.s

SysTick_Handler 00000010

Symbol: SysTick_Handler
   Definitions
      At line 148 in file ..\..\..\..\..\Device\MG32F003\Source\KEIL_StartAsm\s
tartup_mg32f003_keil.s
   Uses
      At line 77 in file ..\..\..\..\..\Device\MG32F003\Source\KEIL_StartAsm\st
artup_mg32f003_keil.s
      At line 149 in file ..\..\..\..\..\Device\MG32F003\Source\KEIL_StartAsm\s
tartup_mg32f003_keil.s

TIM14_IRQHandler 00000012

Symbol: TIM14_IRQHandler
   Definitions
      At line 184 in file ..\..\..\..\..\Device\MG32F003\Source\KEIL_StartAsm\s
tartup_mg32f003_keil.s
   Uses
      At line 99 in file ..\..\..\..\..\Device\MG32F003\Source\KEIL_StartAsm\st
artup_mg32f003_keil.s
      At line 167 in file ..\..\..\..\..\Device\MG32F003\Source\KEIL_StartAsm\s
tartup_mg32f003_keil.s

TIM1_BRK_UP_TRG_COM_IRQHandler 00000012

Symbol: TIM1_BRK_UP_TRG_COM_IRQHandler
   Definitions
      At line 181 in file ..\..\..\..\..\Device\MG32F003\Source\KEIL_StartAsm\s
tartup_mg32f003_keil.s
   Uses
      At line 93 in file ..\..\..\..\..\Device\MG32F003\Source\KEIL_StartAsm\st
artup_mg32f003_keil.s
      At line 164 in file ..\..\..\..\..\Device\MG32F003\Source\KEIL_StartAsm\s
tartup_mg32f003_keil.s

TIM1_CC_IRQHandler 00000012




ARM Macro Assembler    Page 5 Alphabetic symbol ordering
Relocatable symbols

Symbol: TIM1_CC_IRQHandler
   Definitions
      At line 182 in file ..\..\..\..\..\Device\MG32F003\Source\KEIL_StartAsm\s
tartup_mg32f003_keil.s
   Uses
      At line 94 in file ..\..\..\..\..\Device\MG32F003\Source\KEIL_StartAsm\st
artup_mg32f003_keil.s
      At line 165 in file ..\..\..\..\..\Device\MG32F003\Source\KEIL_StartAsm\s
tartup_mg32f003_keil.s

TIM3_IRQHandler 00000012

Symbol: TIM3_IRQHandler
   Definitions
      At line 183 in file ..\..\..\..\..\Device\MG32F003\Source\KEIL_StartAsm\s
tartup_mg32f003_keil.s
   Uses
      At line 96 in file ..\..\..\..\..\Device\MG32F003\Source\KEIL_StartAsm\st
artup_mg32f003_keil.s
      At line 166 in file ..\..\..\..\..\Device\MG32F003\Source\KEIL_StartAsm\s
tartup_mg32f003_keil.s

USART1_IRQHandler 00000012

Symbol: USART1_IRQHandler
   Definitions
      At line 187 in file ..\..\..\..\..\Device\MG32F003\Source\KEIL_StartAsm\s
tartup_mg32f003_keil.s
   Uses
      At line 107 in file ..\..\..\..\..\Device\MG32F003\Source\KEIL_StartAsm\s
tartup_mg32f003_keil.s
      At line 170 in file ..\..\..\..\..\Device\MG32F003\Source\KEIL_StartAsm\s
tartup_mg32f003_keil.s

USART2_IRQHandler 00000012

Symbol: USART2_IRQHandler
   Definitions
      At line 188 in file ..\..\..\..\..\Device\MG32F003\Source\KEIL_StartAsm\s
tartup_mg32f003_keil.s
   Uses
      At line 108 in file ..\..\..\..\..\Device\MG32F003\Source\KEIL_StartAsm\s
tartup_mg32f003_keil.s
      At line 171 in file ..\..\..\..\..\Device\MG32F003\Source\KEIL_StartAsm\s
tartup_mg32f003_keil.s

24 symbols



ARM Macro Assembler    Page 1 Alphabetic symbol ordering
Absolute symbols

Heap_Size 00000000

Symbol: Heap_Size
   Definitions
      At line 45 in file ..\..\..\..\..\Device\MG32F003\Source\KEIL_StartAsm\st
artup_mg32f003_keil.s
   Uses
      At line 49 in file ..\..\..\..\..\Device\MG32F003\Source\KEIL_StartAsm\st
artup_mg32f003_keil.s
Comment: Heap_Size used once
Stack_Size 00000200

Symbol: Stack_Size
   Definitions
      At line 38 in file ..\..\..\..\..\Device\MG32F003\Source\KEIL_StartAsm\st
artup_mg32f003_keil.s
   Uses
      At line 41 in file ..\..\..\..\..\Device\MG32F003\Source\KEIL_StartAsm\st
artup_mg32f003_keil.s
Comment: Stack_Size used once
__Vectors_Size 000000C0

Symbol: __Vectors_Size
   Definitions
      At line 114 in file ..\..\..\..\..\Device\MG32F003\Source\KEIL_StartAsm\s
tartup_mg32f003_keil.s
   Uses
      At line 60 in file ..\..\..\..\..\Device\MG32F003\Source\KEIL_StartAsm\st
artup_mg32f003_keil.s
Comment: __Vectors_Size used once
3 symbols



ARM Macro Assembler    Page 1 Alphabetic symbol ordering
External symbols

SystemInit 00000000

Symbol: SystemInit
   Definitions
      At line 122 in file ..\..\..\..\..\Device\MG32F003\Source\KEIL_StartAsm\s
tartup_mg32f003_keil.s
   Uses
      At line 123 in file ..\..\..\..\..\Device\MG32F003\Source\KEIL_StartAsm\s
tartup_mg32f003_keil.s
Comment: SystemInit used once
__main 00000000

Symbol: __main
   Definitions
      At line 121 in file ..\..\..\..\..\Device\MG32F003\Source\KEIL_StartAsm\s
tartup_mg32f003_keil.s
   Uses
      At line 125 in file ..\..\..\..\..\Device\MG32F003\Source\KEIL_StartAsm\s
tartup_mg32f003_keil.s
Comment: __main used once
2 symbols
373 symbols in table
